loading map from samples/map_with_obstacles/maps/game_map.yml
Creating new event manager
==== Player Character ====
name: gomerin
level: 1
character class: {'fighter': 1}
hp: 24
max hp: 24
ac: 18
speed: 30



==== Player Character ====
name: rumblebelly
level: 1
character class: {'fighter': 1}
hp: 24
max hp: 24
ac: 18
speed: 30



rumblebelly starts their turn.
rumblebelly attacked gomerin with Longbow and hits with (12) + 7= 19.
gomerin took 10 damage.
rumblebelly moved to [3, 1] 1 feet
rumblebelly moved to [3, 2] 1 feet
rumblebelly moved to [3, 1] 1 feet
rumblebelly moved to [3, 2] 1 feet
rumblebelly moved to [3, 1] 1 feet
rumblebelly uses second wind to recover (2) + 1=3 hit points.
no move for rumblebelly
==== current turn gomerin 14/24===
gomerin starts their turn.
=========================================
Battle between an RL agent vs a Rules based AI
=========================================
0: (0, (0, 0), (-1, -1), 0) 1.7989617586135864
1: (0, (0, 0), (-1, -1), 1) 0.4159271717071533
2: (0, (0, 0), (-1, -1), 0) 1.7989617586135864
3: (1, (-1, 0), (0, 0), 0) 0.05068451166152954
4: (1, (0, -1), (0, 0), 0) 0.111411452293396
5: (1, (0, 1), (0, 0), 0) 2.2050328254699707
6: (1, (1, -1), (0, 0), 0) 1.5600979328155518
7: (1, (1, 0), (0, 0), 0) 2.4787020683288574
8: (1, (1, 1), (0, 0), 0) 3.5322813987731934
9: (2, (-1, -1), (0, 0), 0) -0.41605687141418457
10: (3, (-1, -1), (0, 0), 0) 0.6022987365722656
11: (4, (-1, -1), (0, 0), 0) 1.611262321472168
12: (8, (-1, -1), (0, 0), 0) 4.162790298461914
13: (-1, (0, 0), (0, 0), 0) -1.5601348876953125
selected action: (8, (-1, -1), (0, 0), 0)
gomerin uses second wind to recover (4) + 1=5 hit points.
____________
____________
____________
____________
__......____
__...E..____
__....P.____
__   #..____
__    ..____
__   ...____
____________
____________
0: (0, (0, 0), (-1, -1), 0) 3.7801284790039062
1: (0, (0, 0), (-1, -1), 1) 2.7477874755859375
2: (0, (0, 0), (-1, -1), 0) 3.7801284790039062
3: (1, (-1, 0), (0, 0), 0) 2.3475046157836914
4: (1, (0, -1), (0, 0), 0) 2.418423652648926
5: (1, (0, 1), (0, 0), 0) 3.628538131713867
6: (1, (1, -1), (0, 0), 0) 3.626619338989258
7: (1, (1, 0), (0, 0), 0) 4.081488609313965
8: (1, (1, 1), (0, 0), 0) 4.570194721221924
9: (2, (-1, -1), (0, 0), 0) 1.796008586883545
10: (3, (-1, -1), (0, 0), 0) 2.3893141746520996
11: (4, (-1, -1), (0, 0), 0) 3.0414934158325195
12: (-1, (0, 0), (0, 0), 0) 1.2727947235107422
agent selected action: (1, (1, 1), (0, 0), 0)
gomerin moved to [5, 3] 1 feet
____________
____________
____________
_......_____
_...E.._____
_ ....._____
_   #.P_____
_ ....._____
_......_____
____________
____________
____________
0: (0, (0, 0), (-2, -2), 1) 5.7682390213012695
1: (1, (-1, -1), (0, 0), 0) 4.127185344696045
2: (1, (-1, 0), (0, 0), 0) 4.745378017425537
3: (1, (-1, 1), (0, 0), 0) 5.4060258865356445
4: (1, (0, -1), (0, 0), 0) 4.114332675933838
5: (1, (0, 1), (0, 0), 0) 5.331789970397949
6: (2, (-1, -1), (0, 0), 0) 4.378907203674316
7: (3, (-1, -1), (0, 0), 0) 4.627839088439941
8: (4, (-1, -1), (0, 0), 0) 4.801137924194336
9: (-1, (0, 0), (0, 0), 0) 3.597867965698242
agent selected action: (0, (0, 0), (-2, -2), 1)
gomerin tried to attack rumblebelly with Longbow but missed with (2) + 7= 9.
____________
____________
____________
_......_____
_...E.._____
_ ....._____
_   #.P_____
_ ....._____
_......_____
____________
____________
____________
0: (1, (-1, -1), (0, 0), 0) 2.8932089805603027
1: (1, (-1, 0), (0, 0), 0) 3.4377379417419434
2: (1, (-1, 1), (0, 0), 0) 4.176706314086914
3: (1, (0, -1), (0, 0), 0) 2.6732606887817383
4: (1, (0, 1), (0, 0), 0) 4.097548007965088
5: (-1, (0, 0), (0, 0), 0) 2.38808012008667
agent selected action: (1, (-1, 1), (0, 0), 0)
gomerin moved to [4, 4] 1 feet
____________
____________
__   ...____
__   E..____
__    ..____
__   #..____
__....P.____
__......____
____________
____________
____________
____________
0: (1, (-1, 0), (0, 0), 0) 5.059696197509766
1: (1, (-1, 1), (0, 0), 0) 5.300704479217529
2: (1, (0, -1), (0, 0), 0) 4.307760238647461
3: (1, (0, 1), (0, 0), 0) 4.831132411956787
4: (1, (1, -1), (0, 0), 0) 3.852994441986084
5: (1, (1, 0), (0, 0), 0) 4.020989418029785
6: (1, (1, 1), (0, 0), 0) 4.35527229309082
7: (-1, (0, 0), (0, 0), 0) 4.319087982177734
agent selected action: (1, (-1, 1), (0, 0), 0)
gomerin moved to [3, 5] 1 feet
____________
___     .___
___.   ..___
___.   ..___
___..##..___
___......___
___...P..___
____________
____________
____________
____________
____________
0: (1, (-1, -1), (0, 0), 0) 4.427310943603516
1: (1, (-1, 0), (0, 0), 0) 4.791803359985352
2: (1, (0, -1), (0, 0), 0) 3.9654903411865234
3: (1, (1, -1), (0, 0), 0) 4.236317157745361
4: (1, (1, 0), (0, 0), 0) 4.173697471618652
5: (-1, (0, 0), (0, 0), 0) 6.650946140289307
agent selected action: (-1, (0, 0), (0, 0), 0)
==== end turn ===
gomerin 19/24
rumblebelly 24/24
rumblebelly starts their turn.
==== current turn rumblebelly 24/24===
rumblebelly moved to [2, 0] 1 feet
rumblebelly moved to [1, 0] 1 feet
rumblebelly moved to [0, 0] 1 feet
rumblebelly moved to [0, 1] 1 feet
rumblebelly moved to [0, 0] 1 feet
no move for rumblebelly
==== current turn gomerin 19/24===
gomerin starts their turn.
Result: False
____________
___     .___
___.   ..___
___.   ..___
___..##..___
___......___
___...P..___
____________
____________
____________
____________
____________
0: (1, (-1, -1), (0, 0), 0) 6.162283897399902
1: (1, (-1, 0), (0, 0), 0) 6.485710144042969
2: (1, (0, -1), (0, 0), 0) 5.8154377937316895
3: (1, (1, -1), (0, 0), 0) 5.935934543609619
4: (1, (1, 0), (0, 0), 0) 5.954137802124023
5: (2, (-1, -1), (0, 0), 0) 5.775945663452148
6: (3, (-1, -1), (0, 0), 0) 5.415711402893066
7: (4, (-1, -1), (0, 0), 0) 5.4361443519592285
8: (-1, (0, 0), (0, 0), 0) 7.386380672454834
agent selected action: (-1, (0, 0), (0, 0), 0)
==== end turn ===
gomerin 19/24
rumblebelly 24/24
rumblebelly starts their turn.
==== current turn rumblebelly 24/24===
rumblebelly moved to [0, 1] 1 feet
rumblebelly moved to [0, 0] 1 feet
rumblebelly moved to [0, 1] 1 feet
rumblebelly moved to [0, 0] 1 feet
rumblebelly moved to [0, 1] 1 feet
no move for rumblebelly
==== current turn gomerin 19/24===
gomerin starts their turn.
Result: False
____________
___     .___
___E   ..___
___.   ..___
___..##..___
___......___
___...P..___
____________
____________
____________
____________
____________
0: (0, (0, 0), (-3, -4), 1) 7.260063171386719
1: (1, (-1, -1), (0, 0), 0) 5.832738399505615
2: (1, (-1, 0), (0, 0), 0) 6.586627960205078
3: (1, (0, -1), (0, 0), 0) 5.790421962738037
4: (1, (1, -1), (0, 0), 0) 6.291196346282959
5: (1, (1, 0), (0, 0), 0) 6.34658145904541
6: (2, (-1, -1), (0, 0), 0) 5.5714616775512695
7: (3, (-1, -1), (0, 0), 0) 5.813977241516113
8: (4, (-1, -1), (0, 0), 0) 6.073266983032227
9: (-1, (0, 0), (0, 0), 0) 7.124937057495117
agent selected action: (0, (0, 0), (-3, -4), 1)
gomerin attacked rumblebelly with advantage['unseen_attacker'] with Longbow and hits with (5 | 17) + 7= 24.
rumblebelly took 7 damage.
____________
___     .___
___E   ..___
___.   ..___
___..##..___
___......___
___...P..___
____________
____________
____________
____________
____________
0: (1, (-1, -1), (0, 0), 0) 6.670815467834473
1: (1, (-1, 0), (0, 0), 0) 7.0788116455078125
2: (1, (0, -1), (0, 0), 0) 6.325814247131348
3: (1, (1, -1), (0, 0), 0) 6.260260105133057
4: (1, (1, 0), (0, 0), 0) 6.448134422302246
5: (-1, (0, 0), (0, 0), 0) 7.503523826599121
agent selected action: (-1, (0, 0), (0, 0), 0)
==== end turn ===
gomerin 19/24
rumblebelly 17/24
rumblebelly starts their turn.
==== current turn rumblebelly 17/24===
rumblebelly moved to [0, 0] 1 feet
rumblebelly moved to [0, 1] 1 feet
rumblebelly moved to [0, 0] 1 feet
rumblebelly moved to [0, 1] 1 feet
rumblebelly moved to [0, 0] 1 feet
no move for rumblebelly
==== current turn gomerin 19/24===
gomerin starts their turn.
Result: False
____________
___     .___
___.   ..___
___.   ..___
___..##..___
___......___
___...P..___
____________
____________
____________
____________
____________
0: (1, (-1, -1), (0, 0), 0) 7.232418537139893
1: (1, (-1, 0), (0, 0), 0) 7.527246475219727
2: (1, (0, -1), (0, 0), 0) 7.059097766876221
3: (1, (1, -1), (0, 0), 0) 7.088751792907715
4: (1, (1, 0), (0, 0), 0) 7.167233467102051
5: (2, (-1, -1), (0, 0), 0) 7.014085292816162
6: (3, (-1, -1), (0, 0), 0) 6.692266464233398
7: (4, (-1, -1), (0, 0), 0) 6.584019660949707
8: (-1, (0, 0), (0, 0), 0) 8.15871810913086
agent selected action: (-1, (0, 0), (0, 0), 0)
==== end turn ===
gomerin 19/24
rumblebelly 17/24
rumblebelly starts their turn.
==== current turn rumblebelly 17/24===
rumblebelly moved to [0, 1] 1 feet
rumblebelly moved to [0, 0] 1 feet
rumblebelly moved to [0, 1] 1 feet
rumblebelly moved to [0, 0] 1 feet
rumblebelly moved to [0, 1] 1 feet
no move for rumblebelly
==== current turn gomerin 19/24===
gomerin starts their turn.
Result: False
____________
___     .___
___E   ..___
___.   ..___
___..##..___
___......___
___...P..___
____________
____________
____________
____________
____________
0: (0, (0, 0), (-3, -4), 1) 8.206829071044922
1: (1, (-1, -1), (0, 0), 0) 6.926900386810303
2: (1, (-1, 0), (0, 0), 0) 7.500178337097168
3: (1, (0, -1), (0, 0), 0) 6.819411277770996
4: (1, (1, -1), (0, 0), 0) 7.131495475769043
5: (1, (1, 0), (0, 0), 0) 7.318048477172852
6: (2, (-1, -1), (0, 0), 0) 6.736570835113525
7: (3, (-1, -1), (0, 0), 0) 6.968532562255859
8: (4, (-1, -1), (0, 0), 0) 7.190995216369629
9: (-1, (0, 0), (0, 0), 0) 7.888319969177246
agent selected action: (0, (0, 0), (-3, -4), 1)
gomerin tried to attack rumblebelly with advantage['unseen_attacker'] with Longbow but missed with (2 | 9) + 7= 16.
____________
___     .___
___E   ..___
___.   ..___
___..##..___
___......___
___...P..___
____________
____________
____________
____________
____________
0: (1, (-1, -1), (0, 0), 0) 6.670815467834473
1: (1, (-1, 0), (0, 0), 0) 7.0788116455078125
2: (1, (0, -1), (0, 0), 0) 6.325814247131348
3: (1, (1, -1), (0, 0), 0) 6.260260105133057
4: (1, (1, 0), (0, 0), 0) 6.448134422302246
5: (-1, (0, 0), (0, 0), 0) 7.503523826599121
agent selected action: (-1, (0, 0), (0, 0), 0)
==== end turn ===
gomerin 19/24
rumblebelly 17/24
rumblebelly starts their turn.
==== current turn rumblebelly 17/24===
rumblebelly moved to [0, 0] 1 feet
rumblebelly moved to [0, 1] 1 feet
rumblebelly moved to [0, 0] 1 feet
rumblebelly moved to [0, 1] 1 feet
rumblebelly moved to [0, 0] 1 feet
no move for rumblebelly
==== current turn gomerin 19/24===
gomerin starts their turn.
Result: False
____________
___     .___
___.   ..___
___.   ..___
___..##..___
___......___
___...P..___
____________
____________
____________
____________
____________
0: (1, (-1, -1), (0, 0), 0) 7.232418537139893
1: (1, (-1, 0), (0, 0), 0) 7.527246475219727
2: (1, (0, -1), (0, 0), 0) 7.059097766876221
3: (1, (1, -1), (0, 0), 0) 7.088751792907715
4: (1, (1, 0), (0, 0), 0) 7.167233467102051
5: (2, (-1, -1), (0, 0), 0) 7.014085292816162
6: (3, (-1, -1), (0, 0), 0) 6.692266464233398
7: (4, (-1, -1), (0, 0), 0) 6.584019660949707
8: (-1, (0, 0), (0, 0), 0) 8.15871810913086
agent selected action: (-1, (0, 0), (0, 0), 0)
==== end turn ===
gomerin 19/24
rumblebelly 17/24
rumblebelly starts their turn.
==== current turn rumblebelly 17/24===
rumblebelly moved to [0, 1] 1 feet
rumblebelly moved to [0, 0] 1 feet
rumblebelly moved to [0, 1] 1 feet
rumblebelly moved to [0, 0] 1 feet
rumblebelly moved to [0, 1] 1 feet
no move for rumblebelly
==== current turn gomerin 19/24===
gomerin starts their turn.
Result: False
____________
___     .___
___E   ..___
___.   ..___
___..##..___
___......___
___...P..___
____________
____________
____________
____________
____________
0: (0, (0, 0), (-3, -4), 1) 8.206829071044922
1: (1, (-1, -1), (0, 0), 0) 6.926900386810303
2: (1, (-1, 0), (0, 0), 0) 7.500178337097168
3: (1, (0, -1), (0, 0), 0) 6.819411277770996
4: (1, (1, -1), (0, 0), 0) 7.131495475769043
5: (1, (1, 0), (0, 0), 0) 7.318048477172852
6: (2, (-1, -1), (0, 0), 0) 6.736570835113525
7: (3, (-1, -1), (0, 0), 0) 6.968532562255859
8: (4, (-1, -1), (0, 0), 0) 7.190995216369629
9: (-1, (0, 0), (0, 0), 0) 7.888319969177246
agent selected action: (0, (0, 0), (-3, -4), 1)
gomerin attacked rumblebelly with advantage['unseen_attacker'] with Longbow and hits with (19 | 6) + 7= 26.
rumblebelly took 11 damage.
____________
___     .___
___E   ..___
___.   ..___
___..##..___
___......___
___...P..___
____________
____________
____________
____________
____________
0: (1, (-1, -1), (0, 0), 0) 7.936326026916504
1: (1, (-1, 0), (0, 0), 0) 8.14420223236084
2: (1, (0, -1), (0, 0), 0) 7.576659202575684
3: (1, (1, -1), (0, 0), 0) 7.6237640380859375
4: (1, (1, 0), (0, 0), 0) 7.775043487548828
5: (-1, (0, 0), (0, 0), 0) 8.76058292388916
agent selected action: (-1, (0, 0), (0, 0), 0)
==== end turn ===
gomerin 19/24
rumblebelly 6/24
rumblebelly starts their turn.
==== current turn rumblebelly 6/24===
rumblebelly moved to [0, 0] 1 feet
rumblebelly moved to [0, 1] 1 feet
rumblebelly moved to [0, 0] 1 feet
rumblebelly moved to [0, 1] 1 feet
rumblebelly moved to [0, 0] 1 feet
no move for rumblebelly
==== current turn gomerin 19/24===
gomerin starts their turn.
Result: False
____________
___     .___
___.   ..___
___.   ..___
___..##..___
___......___
___...P..___
____________
____________
____________
____________
____________
0: (1, (-1, -1), (0, 0), 0) 8.19434642791748
1: (1, (-1, 0), (0, 0), 0) 8.419451713562012
2: (1, (0, -1), (0, 0), 0) 8.181867599487305
3: (1, (1, -1), (0, 0), 0) 8.237859725952148
4: (1, (1, 0), (0, 0), 0) 8.37939167022705
5: (2, (-1, -1), (0, 0), 0) 8.142765998840332
6: (3, (-1, -1), (0, 0), 0) 8.070771217346191
7: (4, (-1, -1), (0, 0), 0) 7.981687545776367
8: (-1, (0, 0), (0, 0), 0) 9.161399841308594
agent selected action: (-1, (0, 0), (0, 0), 0)
==== end turn ===
gomerin 19/24
rumblebelly 6/24
rumblebelly starts their turn.
==== current turn rumblebelly 6/24===
rumblebelly moved to [0, 1] 1 feet
rumblebelly moved to [0, 0] 1 feet
rumblebelly moved to [0, 1] 1 feet
rumblebelly moved to [0, 0] 1 feet
rumblebelly moved to [0, 1] 1 feet
no move for rumblebelly
==== current turn gomerin 19/24===
gomerin starts their turn.
Result: False
____________
___     .___
___E   ..___
___.   ..___
___..##..___
___......___
___...P..___
____________
____________
____________
____________
____________
0: (0, (0, 0), (-3, -4), 1) 9.63347339630127
1: (1, (-1, -1), (0, 0), 0) 8.190614700317383
2: (1, (-1, 0), (0, 0), 0) 8.42107105255127
3: (1, (0, -1), (0, 0), 0) 8.215519905090332
4: (1, (1, -1), (0, 0), 0) 8.26508903503418
5: (1, (1, 0), (0, 0), 0) 8.415454864501953
6: (2, (-1, -1), (0, 0), 0) 8.086709976196289
7: (3, (-1, -1), (0, 0), 0) 7.998805046081543
8: (4, (-1, -1), (0, 0), 0) 7.962765693664551
9: (-1, (0, 0), (0, 0), 0) 9.221414566040039
agent selected action: (0, (0, 0), (-3, -4), 1)
gomerin attacked rumblebelly with advantage['unseen_attacker'] with Longbow and hits with (5 | 15) + 7= 22.
rumblebelly took 6 damage.
____________
___     .___
___E   ..___
___.   ..___
___..##..___
___......___
___...P..___
____________
____________
____________
____________
____________
Reward: 10
